[15-Jun-2026 18:55:26 Africa/Addis_Ababa] Registration FAILED: Duplicate entry '0003' for key 'member_code' | File: /home/webprojd/domains/7web.pro.et/public_html/admin/info_register_member.php:472
[15-Jun-2026 18:55:53 Africa/Addis_Ababa] Registration FAILED: Duplicate entry '0003' for key 'member_code' | File: /home/webprojd/domains/7web.pro.et/public_html/admin/info_register_member.php:472
[15-Jun-2026 18:56:16 Africa/Addis_Ababa] Registration FAILED: Duplicate entry '0003' for key 'member_code' | File: /home/webprojd/domains/7web.pro.et/public_html/admin/info_register_member.php:472
[16-Jun-2026 09:26:45 Africa/Addis_Ababa] Registration FAILED: Duplicate entry '0003' for key 'member_code' | File: /home/webprojd/domains/7web.pro.et/public_html/admin/info_register_member.php:507
[16-Jun-2026 09:27:08 Africa/Addis_Ababa] Registration FAILED: Duplicate entry '0003' for key 'member_code' | File: /home/webprojd/domains/7web.pro.et/public_html/admin/info_register_member.php:507
[16-Jun-2026 09:27:16 Africa/Addis_Ababa] Registration FAILED: Duplicate entry '0003' for key 'member_code' | File: /home/webprojd/domains/7web.pro.et/public_html/admin/info_register_member.php:507
[16-Jun-2026 09:31:53 Africa/Addis_Ababa] Registration FAILED: Duplicate entry '0003' for key 'member_code' | File: /home/webprojd/domains/7web.pro.et/public_html/admin/info_register_member.php:501
[16-Jun-2026 09:36:58 Africa/Addis_Ababa] Registration FAILED: Duplicate entry '0003' for key 'member_code' | /home/webprojd/domains/7web.pro.et/public_html/admin/info_register_member.php:391
[16-Jun-2026 09:38:33 Africa/Addis_Ababa] Registration FAILED: Duplicate entry '0003' for key 'member_code' | /home/webprojd/domains/7web.pro.et/public_html/admin/info_register_member.php:391
[16-Jun-2026 09:38:42 Africa/Addis_Ababa] Registration FAILED: Duplicate entry '0003' for key 'member_code' | /home/webprojd/domains/7web.pro.et/public_html/admin/info_register_member.php:391
[16-Jun-2026 11:44:59 Africa/Addis_Ababa] Access denied for user 'wbwsprvr_felegekidusan'@'localhost' (using password: YES)
[16-Jun-2026 11:44:59 Africa/Addis_Ababa] PDO connection failed: SQLSTATE[HY000] [1045] Access denied for user 'wbwsprvr_felegekidusan'@'localhost' (using password: YES)
[16-Jun-2026 11:45:05 Africa/Addis_Ababa] Access denied for user 'wbwsprvr_felegekidusan'@'localhost' (using password: YES)
[16-Jun-2026 11:45:05 Africa/Addis_Ababa] PDO connection failed: SQLSTATE[HY000] [1045] Access denied for user 'wbwsprvr_felegekidusan'@'localhost' (using password: YES)
[16-Jun-2026 11:45:05 Africa/Addis_Ababa] Login: PDO connection not available from config.php
[16-Jun-2026 11:45:05 Africa/Addis_Ababa] Access denied for user 'wbwsprvr_felegekidusan'@'localhost' (using password: YES)
[16-Jun-2026 11:45:05 Africa/Addis_Ababa] PDO connection failed: SQLSTATE[HY000] [1045] Access denied for user 'wbwsprvr_felegekidusan'@'localhost' (using password: YES)
[16-Jun-2026 11:47:20 Africa/Addis_Ababa] Access denied for user 'wbwsprvr_felegekidusan'@'localhost' (using password: YES)
[16-Jun-2026 11:47:20 Africa/Addis_Ababa] PDO connection failed: SQLSTATE[HY000] [1045] Access denied for user 'wbwsprvr_felegekidusan'@'localhost' (using password: YES)
[16-Jun-2026 11:50:00 Africa/Addis_Ababa] Access denied for user 'wbwsprvr_felegekidusan'@'localhost' (using password: YES)
[16-Jun-2026 11:50:00 Africa/Addis_Ababa] PDO connection failed: SQLSTATE[HY000] [1045] Access denied for user 'wbwsprvr_felegekidusan'@'localhost' (using password: YES)
[16-Jun-2026 16:07:33 Africa/Addis_Ababa] Access denied for user 'school_db'@'localhost' (using password: YES)
[16-Jun-2026 16:07:33 Africa/Addis_Ababa] PDO connection failed: SQLSTATE[HY000] [1045] Access denied for user 'school_db'@'localhost' (using password: YES)
[16-Jun-2026 16:07:33 Africa/Addis_Ababa] WARNING: MONITOR_SECRET_KEY not in env file — using random key (dashboard inaccessible)
[16-Jun-2026 16:07:38 Africa/Addis_Ababa] Access denied for user 'school_db'@'localhost' (using password: YES)
[16-Jun-2026 16:07:38 Africa/Addis_Ababa] PDO connection failed: SQLSTATE[HY000] [1045] Access denied for user 'school_db'@'localhost' (using password: YES)
[16-Jun-2026 16:07:38 Africa/Addis_Ababa] WARNING: MONITOR_SECRET_KEY not in env file — using random key (dashboard inaccessible)
[16-Jun-2026 16:07:38 Africa/Addis_Ababa] Login: PDO connection not available from config.php
[16-Jun-2026 16:07:38 Africa/Addis_Ababa] Access denied for user 'school_db'@'localhost' (using password: YES)
[16-Jun-2026 16:07:38 Africa/Addis_Ababa] PDO connection failed: SQLSTATE[HY000] [1045] Access denied for user 'school_db'@'localhost' (using password: YES)
[16-Jun-2026 16:07:38 Africa/Addis_Ababa] WARNING: MONITOR_SECRET_KEY not in env file — using random key (dashboard inaccessible)
[16-Jun-2026 16:15:33 Africa/Addis_Ababa] WARNING: MONITOR_SECRET_KEY not in env file — using random key (dashboard inaccessible)
[16-Jun-2026 16:15:37 Africa/Addis_Ababa] WARNING: MONITOR_SECRET_KEY not in env file — using random key (dashboard inaccessible)
[16-Jun-2026 16:15:37 Africa/Addis_Ababa] WARNING: MONITOR_SECRET_KEY not in env file — using random key (dashboard inaccessible)
[16-Jun-2026 16:15:50 Africa/Addis_Ababa] WARNING: MONITOR_SECRET_KEY not in env file — using random key (dashboard inaccessible)
[16-Jun-2026 16:15:50 Africa/Addis_Ababa] WARNING: MONITOR_SECRET_KEY not in env file — using random key (dashboard inaccessible)
[16-Jun-2026 16:15:59 Africa/Addis_Ababa] WARNING: MONITOR_SECRET_KEY not in env file — using random key (dashboard inaccessible)
[16-Jun-2026 16:15:59 Africa/Addis_Ababa] WARNING: MONITOR_SECRET_KEY not in env file — using random key (dashboard inaccessible)
[16-Jun-2026 16:21:39 Africa/Addis_Ababa] WARNING: MONITOR_SECRET_KEY not in env file — using random key (dashboard inaccessible)
[16-Jun-2026 16:22:15 Africa/Addis_Ababa] WARNING: MONITOR_SECRET_KEY not in env file — using random key (dashboard inaccessible)
[16-Jun-2026 16:22:23 Africa/Addis_Ababa] WARNING: MONITOR_SECRET_KEY not in env file — using random key (dashboard inaccessible)
[16-Jun-2026 16:22:38 Africa/Addis_Ababa] WARNING: MONITOR_SECRET_KEY not in env file — using random key (dashboard inaccessible)
[16-Jun-2026 16:22:39 Africa/Addis_Ababa] WARNING: MONITOR_SECRET_KEY not in env file — using random key (dashboard inaccessible)
[16-Jun-2026 16:22:42 Africa/Addis_Ababa] WARNING: MONITOR_SECRET_KEY not in env file — using random key (dashboard inaccessible)
[16-Jun-2026 16:22:43 Africa/Addis_Ababa] WARNING: MONITOR_SECRET_KEY not in env file — using random key (dashboard inaccessible)
[16-Jun-2026 16:23:05 Africa/Addis_Ababa] WARNING: MONITOR_SECRET_KEY not in env file — using random key (dashboard inaccessible)
[16-Jun-2026 16:23:19 Africa/Addis_Ababa] WARNING: MONITOR_SECRET_KEY not in env file — using random key (dashboard inaccessible)
[16-Jun-2026 16:23:21 Africa/Addis_Ababa] WARNING: MONITOR_SECRET_KEY not in env file — using random key (dashboard inaccessible)
[16-Jun-2026 16:23:23 Africa/Addis_Ababa] WARNING: MONITOR_SECRET_KEY not in env file — using random key (dashboard inaccessible)
[16-Jun-2026 16:23:24 Africa/Addis_Ababa] WARNING: MONITOR_SECRET_KEY not in env file — using random key (dashboard inaccessible)
[16-Jun-2026 16:23:42 Africa/Addis_Ababa] WARNING: MONITOR_SECRET_KEY not in env file — using random key (dashboard inaccessible)
[16-Jun-2026 16:24:43 Africa/Addis_Ababa] WARNING: MONITOR_SECRET_KEY not in env file — using random key (dashboard inaccessible)
[16-Jun-2026 16:25:43 Africa/Addis_Ababa] WARNING: MONITOR_SECRET_KEY not in env file — using random key (dashboard inaccessible)
[16-Jun-2026 16:26:43 Africa/Addis_Ababa] WARNING: MONITOR_SECRET_KEY not in env file — using random key (dashboard inaccessible)
[16-Jun-2026 16:27:43 Africa/Addis_Ababa] WARNING: MONITOR_SECRET_KEY not in env file — using random key (dashboard inaccessible)
[16-Jun-2026 16:28:43 Africa/Addis_Ababa] WARNING: MONITOR_SECRET_KEY not in env file — using random key (dashboard inaccessible)
[16-Jun-2026 16:29:43 Africa/Addis_Ababa] WARNING: MONITOR_SECRET_KEY not in env file — using random key (dashboard inaccessible)
[16-Jun-2026 16:30:45 Africa/Addis_Ababa] WARNING: MONITOR_SECRET_KEY not in env file — using random key (dashboard inaccessible)
[16-Jun-2026 16:31:45 Africa/Addis_Ababa] WARNING: MONITOR_SECRET_KEY not in env file — using random key (dashboard inaccessible)
[16-Jun-2026 16:32:46 Africa/Addis_Ababa] WARNING: MONITOR_SECRET_KEY not in env file — using random key (dashboard inaccessible)
[16-Jun-2026 16:33:47 Africa/Addis_Ababa] WARNING: MONITOR_SECRET_KEY not in env file — using random key (dashboard inaccessible)
[16-Jun-2026 16:34:48 Africa/Addis_Ababa] WARNING: MONITOR_SECRET_KEY not in env file — using random key (dashboard inaccessible)
[16-Jun-2026 16:35:49 Africa/Addis_Ababa] WARNING: MONITOR_SECRET_KEY not in env file — using random key (dashboard inaccessible)
[16-Jun-2026 16:36:43 Africa/Addis_Ababa] WARNING: MONITOR_SECRET_KEY not in env file — using random key (dashboard inaccessible)
[16-Jun-2026 16:37:45 Africa/Addis_Ababa] WARNING: MONITOR_SECRET_KEY not in env file — using random key (dashboard inaccessible)
[16-Jun-2026 16:38:45 Africa/Addis_Ababa] WARNING: MONITOR_SECRET_KEY not in env file — using random key (dashboard inaccessible)
[16-Jun-2026 16:39:46 Africa/Addis_Ababa] WARNING: MONITOR_SECRET_KEY not in env file — using random key (dashboard inaccessible)
[16-Jun-2026 16:40:47 Africa/Addis_Ababa] WARNING: MONITOR_SECRET_KEY not in env file — using random key (dashboard inaccessible)
[16-Jun-2026 16:41:48 Africa/Addis_Ababa] WARNING: MONITOR_SECRET_KEY not in env file — using random key (dashboard inaccessible)
[16-Jun-2026 16:42:49 Africa/Addis_Ababa] WARNING: MONITOR_SECRET_KEY not in env file — using random key (dashboard inaccessible)
[16-Jun-2026 16:43:50 Africa/Addis_Ababa] WARNING: MONITOR_SECRET_KEY not in env file — using random key (dashboard inaccessible)
[16-Jun-2026 16:44:51 Africa/Addis_Ababa] WARNING: MONITOR_SECRET_KEY not in env file — using random key (dashboard inaccessible)
[16-Jun-2026 16:45:52 Africa/Addis_Ababa] WARNING: MONITOR_SECRET_KEY not in env file — using random key (dashboard inaccessible)
[16-Jun-2026 16:48:14 Africa/Addis_Ababa] WARNING: MONITOR_SECRET_KEY not in env file — using random key (dashboard inaccessible)
[16-Jun-2026 16:48:55 Africa/Addis_Ababa] WARNING: MONITOR_SECRET_KEY not in env file — using random key (dashboard inaccessible)
[16-Jun-2026 16:49:56 Africa/Addis_Ababa] WARNING: MONITOR_SECRET_KEY not in env file — using random key (dashboard inaccessible)
[16-Jun-2026 16:50:58 Africa/Addis_Ababa] WARNING: MONITOR_SECRET_KEY not in env file — using random key (dashboard inaccessible)
[16-Jun-2026 16:51:58 Africa/Addis_Ababa] WARNING: MONITOR_SECRET_KEY not in env file — using random key (dashboard inaccessible)
[16-Jun-2026 16:52:59 Africa/Addis_Ababa] WARNING: MONITOR_SECRET_KEY not in env file — using random key (dashboard inaccessible)
[16-Jun-2026 16:54:00 Africa/Addis_Ababa] WARNING: MONITOR_SECRET_KEY not in env file — using random key (dashboard inaccessible)
[16-Jun-2026 16:55:01 Africa/Addis_Ababa] WARNING: MONITOR_SECRET_KEY not in env file — using random key (dashboard inaccessible)
[16-Jun-2026 16:56:02 Africa/Addis_Ababa] WARNING: MONITOR_SECRET_KEY not in env file — using random key (dashboard inaccessible)
[16-Jun-2026 16:57:03 Africa/Addis_Ababa] WARNING: MONITOR_SECRET_KEY not in env file — using random key (dashboard inaccessible)
[16-Jun-2026 16:58:04 Africa/Addis_Ababa] WARNING: MONITOR_SECRET_KEY not in env file — using random key (dashboard inaccessible)
[16-Jun-2026 16:59:05 Africa/Addis_Ababa] WARNING: MONITOR_SECRET_KEY not in env file — using random key (dashboard inaccessible)
[16-Jun-2026 17:00:06 Africa/Addis_Ababa] WARNING: MONITOR_SECRET_KEY not in env file — using random key (dashboard inaccessible)
[16-Jun-2026 17:01:08 Africa/Addis_Ababa] WARNING: MONITOR_SECRET_KEY not in env file — using random key (dashboard inaccessible)
[16-Jun-2026 17:02:08 Africa/Addis_Ababa] WARNING: MONITOR_SECRET_KEY not in env file — using random key (dashboard inaccessible)
[16-Jun-2026 17:03:08 Africa/Addis_Ababa] WARNING: MONITOR_SECRET_KEY not in env file — using random key (dashboard inaccessible)
[16-Jun-2026 17:04:08 Africa/Addis_Ababa] WARNING: MONITOR_SECRET_KEY not in env file — using random key (dashboard inaccessible)
[16-Jun-2026 17:04:23 Africa/Addis_Ababa] WARNING: MONITOR_SECRET_KEY not in env file — using random key (dashboard inaccessible)
[16-Jun-2026 17:05:08 Africa/Addis_Ababa] WARNING: MONITOR_SECRET_KEY not in env file — using random key (dashboard inaccessible)
[16-Jun-2026 17:06:08 Africa/Addis_Ababa] WARNING: MONITOR_SECRET_KEY not in env file — using random key (dashboard inaccessible)
[16-Jun-2026 17:07:08 Africa/Addis_Ababa] WARNING: MONITOR_SECRET_KEY not in env file — using random key (dashboard inaccessible)
[16-Jun-2026 17:08:08 Africa/Addis_Ababa] WARNING: MONITOR_SECRET_KEY not in env file — using random key (dashboard inaccessible)
[16-Jun-2026 17:09:08 Africa/Addis_Ababa] WARNING: MONITOR_SECRET_KEY not in env file — using random key (dashboard inaccessible)
[16-Jun-2026 17:10:08 Africa/Addis_Ababa] WARNING: MONITOR_SECRET_KEY not in env file — using random key (dashboard inaccessible)
[16-Jun-2026 17:11:08 Africa/Addis_Ababa] WARNING: MONITOR_SECRET_KEY not in env file — using random key (dashboard inaccessible)
[16-Jun-2026 17:12:08 Africa/Addis_Ababa] WARNING: MONITOR_SECRET_KEY not in env file — using random key (dashboard inaccessible)
[16-Jun-2026 17:13:08 Africa/Addis_Ababa] WARNING: MONITOR_SECRET_KEY not in env file — using random key (dashboard inaccessible)
[16-Jun-2026 17:14:08 Africa/Addis_Ababa] WARNING: MONITOR_SECRET_KEY not in env file — using random key (dashboard inaccessible)
[16-Jun-2026 17:15:08 Africa/Addis_Ababa] WARNING: MONITOR_SECRET_KEY not in env file — using random key (dashboard inaccessible)
[16-Jun-2026 17:16:13 Africa/Addis_Ababa] WARNING: MONITOR_SECRET_KEY not in env file — using random key (dashboard inaccessible)
[16-Jun-2026 17:17:08 Africa/Addis_Ababa] WARNING: MONITOR_SECRET_KEY not in env file — using random key (dashboard inaccessible)
[16-Jun-2026 17:18:08 Africa/Addis_Ababa] WARNING: MONITOR_SECRET_KEY not in env file — using random key (dashboard inaccessible)
[16-Jun-2026 17:19:08 Africa/Addis_Ababa] WARNING: MONITOR_SECRET_KEY not in env file — using random key (dashboard inaccessible)
[16-Jun-2026 17:20:08 Africa/Addis_Ababa] WARNING: MONITOR_SECRET_KEY not in env file — using random key (dashboard inaccessible)
[16-Jun-2026 17:21:08 Africa/Addis_Ababa] WARNING: MONITOR_SECRET_KEY not in env file — using random key (dashboard inaccessible)
[16-Jun-2026 17:22:08 Africa/Addis_Ababa] WARNING: MONITOR_SECRET_KEY not in env file — using random key (dashboard inaccessible)
[16-Jun-2026 17:23:08 Africa/Addis_Ababa] WARNING: MONITOR_SECRET_KEY not in env file — using random key (dashboard inaccessible)
[16-Jun-2026 17:24:08 Africa/Addis_Ababa] WARNING: MONITOR_SECRET_KEY not in env file — using random key (dashboard inaccessible)
[16-Jun-2026 17:25:08 Africa/Addis_Ababa] WARNING: MONITOR_SECRET_KEY not in env file — using random key (dashboard inaccessible)
[16-Jun-2026 17:26:08 Africa/Addis_Ababa] WARNING: MONITOR_SECRET_KEY not in env file — using random key (dashboard inaccessible)
[16-Jun-2026 17:27:08 Africa/Addis_Ababa] WARNING: MONITOR_SECRET_KEY not in env file — using random key (dashboard inaccessible)
[16-Jun-2026 17:28:08 Africa/Addis_Ababa] WARNING: MONITOR_SECRET_KEY not in env file — using random key (dashboard inaccessible)
[16-Jun-2026 17:29:08 Africa/Addis_Ababa] WARNING: MONITOR_SECRET_KEY not in env file — using random key (dashboard inaccessible)
[16-Jun-2026 17:30:08 Africa/Addis_Ababa] WARNING: MONITOR_SECRET_KEY not in env file — using random key (dashboard inaccessible)
[16-Jun-2026 17:31:09 Africa/Addis_Ababa] WARNING: MONITOR_SECRET_KEY not in env file — using random key (dashboard inaccessible)
[16-Jun-2026 17:32:08 Africa/Addis_Ababa] WARNING: MONITOR_SECRET_KEY not in env file — using random key (dashboard inaccessible)
[16-Jun-2026 17:33:08 Africa/Addis_Ababa] WARNING: MONITOR_SECRET_KEY not in env file — using random key (dashboard inaccessible)
[16-Jun-2026 17:34:08 Africa/Addis_Ababa] WARNING: MONITOR_SECRET_KEY not in env file — using random key (dashboard inaccessible)
[16-Jun-2026 17:35:08 Africa/Addis_Ababa] WARNING: MONITOR_SECRET_KEY not in env file — using random key (dashboard inaccessible)
[16-Jun-2026 17:36:08 Africa/Addis_Ababa] WARNING: MONITOR_SECRET_KEY not in env file — using random key (dashboard inaccessible)
[16-Jun-2026 17:37:08 Africa/Addis_Ababa] WARNING: MONITOR_SECRET_KEY not in env file — using random key (dashboard inaccessible)
[16-Jun-2026 17:38:02 Africa/Addis_Ababa] WARNING: MONITOR_SECRET_KEY not in env file — using random key (dashboard inaccessible)
[16-Jun-2026 17:38:43 Africa/Addis_Ababa] WARNING: MONITOR_SECRET_KEY not in env file — using random key (dashboard inaccessible)
[16-Jun-2026 17:39:44 Africa/Addis_Ababa] WARNING: MONITOR_SECRET_KEY not in env file — using random key (dashboard inaccessible)
[16-Jun-2026 17:40:45 Africa/Addis_Ababa] WARNING: MONITOR_SECRET_KEY not in env file — using random key (dashboard inaccessible)
[16-Jun-2026 17:41:46 Africa/Addis_Ababa] WARNING: MONITOR_SECRET_KEY not in env file — using random key (dashboard inaccessible)
[16-Jun-2026 17:42:47 Africa/Addis_Ababa] WARNING: MONITOR_SECRET_KEY not in env file — using random key (dashboard inaccessible)
[16-Jun-2026 17:43:48 Africa/Addis_Ababa] WARNING: MONITOR_SECRET_KEY not in env file — using random key (dashboard inaccessible)
[16-Jun-2026 17:44:49 Africa/Addis_Ababa] WARNING: MONITOR_SECRET_KEY not in env file — using random key (dashboard inaccessible)
[16-Jun-2026 17:45:50 Africa/Addis_Ababa] WARNING: MONITOR_SECRET_KEY not in env file — using random key (dashboard inaccessible)
[16-Jun-2026 17:46:51 Africa/Addis_Ababa] WARNING: MONITOR_SECRET_KEY not in env file — using random key (dashboard inaccessible)
[16-Jun-2026 17:47:52 Africa/Addis_Ababa] WARNING: MONITOR_SECRET_KEY not in env file — using random key (dashboard inaccessible)
[16-Jun-2026 17:48:53 Africa/Addis_Ababa] WARNING: MONITOR_SECRET_KEY not in env file — using random key (dashboard inaccessible)
[16-Jun-2026 17:49:54 Africa/Addis_Ababa] WARNING: MONITOR_SECRET_KEY not in env file — using random key (dashboard inaccessible)
[16-Jun-2026 17:50:55 Africa/Addis_Ababa] WARNING: MONITOR_SECRET_KEY not in env file — using random key (dashboard inaccessible)
[16-Jun-2026 17:51:56 Africa/Addis_Ababa] WARNING: MONITOR_SECRET_KEY not in env file — using random key (dashboard inaccessible)
[16-Jun-2026 17:52:57 Africa/Addis_Ababa] WARNING: MONITOR_SECRET_KEY not in env file — using random key (dashboard inaccessible)
[16-Jun-2026 17:53:59 Africa/Addis_Ababa] WARNING: MONITOR_SECRET_KEY not in env file — using random key (dashboard inaccessible)
[16-Jun-2026 17:55:00 Africa/Addis_Ababa] WARNING: MONITOR_SECRET_KEY not in env file — using random key (dashboard inaccessible)
[16-Jun-2026 17:56:02 Africa/Addis_Ababa] WARNING: MONITOR_SECRET_KEY not in env file — using random key (dashboard inaccessible)
[16-Jun-2026 17:57:04 Africa/Addis_Ababa] WARNING: MONITOR_SECRET_KEY not in env file — using random key (dashboard inaccessible)
[16-Jun-2026 17:58:08 Africa/Addis_Ababa] WARNING: MONITOR_SECRET_KEY not in env file — using random key (dashboard inaccessible)
[16-Jun-2026 17:59:04 Africa/Addis_Ababa] WARNING: MONITOR_SECRET_KEY not in env file — using random key (dashboard inaccessible)
[16-Jun-2026 18:08:10 Africa/Addis_Ababa] WARNING: MONITOR_SECRET_KEY not in env file — using random key (dashboard inaccessible)
[16-Jun-2026 18:09:08 Africa/Addis_Ababa] WARNING: MONITOR_SECRET_KEY not in env file — using random key (dashboard inaccessible)
[16-Jun-2026 18:10:08 Africa/Addis_Ababa] WARNING: MONITOR_SECRET_KEY not in env file — using random key (dashboard inaccessible)
[16-Jun-2026 18:11:08 Africa/Addis_Ababa] WARNING: MONITOR_SECRET_KEY not in env file — using random key (dashboard inaccessible)
[16-Jun-2026 18:12:08 Africa/Addis_Ababa] WARNING: MONITOR_SECRET_KEY not in env file — using random key (dashboard inaccessible)
[16-Jun-2026 18:13:08 Africa/Addis_Ababa] WARNING: MONITOR_SECRET_KEY not in env file — using random key (dashboard inaccessible)
[16-Jun-2026 18:14:08 Africa/Addis_Ababa] WARNING: MONITOR_SECRET_KEY not in env file — using random key (dashboard inaccessible)
[16-Jun-2026 18:15:08 Africa/Addis_Ababa] WARNING: MONITOR_SECRET_KEY not in env file — using random key (dashboard inaccessible)
[16-Jun-2026 18:16:08 Africa/Addis_Ababa] WARNING: MONITOR_SECRET_KEY not in env file — using random key (dashboard inaccessible)
[16-Jun-2026 18:17:08 Africa/Addis_Ababa] WARNING: MONITOR_SECRET_KEY not in env file — using random key (dashboard inaccessible)
[16-Jun-2026 18:18:22 Africa/Addis_Ababa] WARNING: MONITOR_SECRET_KEY not in env file — using random key (dashboard inaccessible)
[16-Jun-2026 18:19:08 Africa/Addis_Ababa] WARNING: MONITOR_SECRET_KEY not in env file — using random key (dashboard inaccessible)
[16-Jun-2026 18:20:09 Africa/Addis_Ababa] WARNING: MONITOR_SECRET_KEY not in env file — using random key (dashboard inaccessible)
[16-Jun-2026 18:21:08 Africa/Addis_Ababa] WARNING: MONITOR_SECRET_KEY not in env file — using random key (dashboard inaccessible)
[16-Jun-2026 18:22:08 Africa/Addis_Ababa] WARNING: MONITOR_SECRET_KEY not in env file — using random key (dashboard inaccessible)
[16-Jun-2026 18:23:08 Africa/Addis_Ababa] WARNING: MONITOR_SECRET_KEY not in env file — using random key (dashboard inaccessible)
[16-Jun-2026 18:24:08 Africa/Addis_Ababa] WARNING: MONITOR_SECRET_KEY not in env file — using random key (dashboard inaccessible)
[16-Jun-2026 18:25:08 Africa/Addis_Ababa] WARNING: MONITOR_SECRET_KEY not in env file — using random key (dashboard inaccessible)
[16-Jun-2026 18:26:08 Africa/Addis_Ababa] WARNING: MONITOR_SECRET_KEY not in env file — using random key (dashboard inaccessible)
[16-Jun-2026 18:27:08 Africa/Addis_Ababa] WARNING: MONITOR_SECRET_KEY not in env file — using random key (dashboard inaccessible)
[16-Jun-2026 18:28:08 Africa/Addis_Ababa] WARNING: MONITOR_SECRET_KEY not in env file — using random key (dashboard inaccessible)
[16-Jun-2026 18:29:08 Africa/Addis_Ababa] WARNING: MONITOR_SECRET_KEY not in env file — using random key (dashboard inaccessible)
[16-Jun-2026 18:30:08 Africa/Addis_Ababa] WARNING: MONITOR_SECRET_KEY not in env file — using random key (dashboard inaccessible)
[16-Jun-2026 18:31:09 Africa/Addis_Ababa] WARNING: MONITOR_SECRET_KEY not in env file — using random key (dashboard inaccessible)
[16-Jun-2026 18:32:08 Africa/Addis_Ababa] WARNING: MONITOR_SECRET_KEY not in env file — using random key (dashboard inaccessible)
[16-Jun-2026 18:33:08 Africa/Addis_Ababa] WARNING: MONITOR_SECRET_KEY not in env file — using random key (dashboard inaccessible)
[16-Jun-2026 18:34:08 Africa/Addis_Ababa] WARNING: MONITOR_SECRET_KEY not in env file — using random key (dashboard inaccessible)
[16-Jun-2026 18:35:16 Africa/Addis_Ababa] WARNING: MONITOR_SECRET_KEY not in env file — using random key (dashboard inaccessible)
[16-Jun-2026 18:36:09 Africa/Addis_Ababa] WARNING: MONITOR_SECRET_KEY not in env file — using random key (dashboard inaccessible)
[16-Jun-2026 18:37:08 Africa/Addis_Ababa] WARNING: MONITOR_SECRET_KEY not in env file — using random key (dashboard inaccessible)
[16-Jun-2026 18:38:09 Africa/Addis_Ababa] WARNING: MONITOR_SECRET_KEY not in env file — using random key (dashboard inaccessible)
[16-Jun-2026 18:39:08 Africa/Addis_Ababa] WARNING: MONITOR_SECRET_KEY not in env file — using random key (dashboard inaccessible)
[16-Jun-2026 18:42:09 Africa/Addis_Ababa] WARNING: MONITOR_SECRET_KEY not in env file — using random key (dashboard inaccessible)
[16-Jun-2026 18:45:10 Africa/Addis_Ababa] WARNING: MONITOR_SECRET_KEY not in env file — using random key (dashboard inaccessible)
[16-Jun-2026 18:46:08 Africa/Addis_Ababa] WARNING: MONITOR_SECRET_KEY not in env file — using random key (dashboard inaccessible)
[16-Jun-2026 18:47:08 Africa/Addis_Ababa] WARNING: MONITOR_SECRET_KEY not in env file — using random key (dashboard inaccessible)
[16-Jun-2026 18:48:08 Africa/Addis_Ababa] WARNING: MONITOR_SECRET_KEY not in env file — using random key (dashboard inaccessible)
[16-Jun-2026 18:49:08 Africa/Addis_Ababa] WARNING: MONITOR_SECRET_KEY not in env file — using random key (dashboard inaccessible)
[16-Jun-2026 18:50:09 Africa/Addis_Ababa] WARNING: MONITOR_SECRET_KEY not in env file — using random key (dashboard inaccessible)
[16-Jun-2026 18:51:08 Africa/Addis_Ababa] WARNING: MONITOR_SECRET_KEY not in env file — using random key (dashboard inaccessible)
[16-Jun-2026 18:52:08 Africa/Addis_Ababa] WARNING: MONITOR_SECRET_KEY not in env file — using random key (dashboard inaccessible)
[16-Jun-2026 18:53:08 Africa/Addis_Ababa] WARNING: MONITOR_SECRET_KEY not in env file — using random key (dashboard inaccessible)
[16-Jun-2026 18:54:08 Africa/Addis_Ababa] WARNING: MONITOR_SECRET_KEY not in env file — using random key (dashboard inaccessible)
[16-Jun-2026 18:55:08 Africa/Addis_Ababa] WARNING: MONITOR_SECRET_KEY not in env file — using random key (dashboard inaccessible)
[16-Jun-2026 18:56:12 Africa/Addis_Ababa] WARNING: MONITOR_SECRET_KEY not in env file — using random key (dashboard inaccessible)
[16-Jun-2026 18:57:08 Africa/Addis_Ababa] WARNING: MONITOR_SECRET_KEY not in env file — using random key (dashboard inaccessible)
[16-Jun-2026 18:58:08 Africa/Addis_Ababa] WARNING: MONITOR_SECRET_KEY not in env file — using random key (dashboard inaccessible)
[16-Jun-2026 18:59:08 Africa/Addis_Ababa] WARNING: MONITOR_SECRET_KEY not in env file — using random key (dashboard inaccessible)
[16-Jun-2026 19:00:08 Africa/Addis_Ababa] WARNING: MONITOR_SECRET_KEY not in env file — using random key (dashboard inaccessible)
[16-Jun-2026 19:01:09 Africa/Addis_Ababa] WARNING: MONITOR_SECRET_KEY not in env file — using random key (dashboard inaccessible)
[16-Jun-2026 19:02:08 Africa/Addis_Ababa] WARNING: MONITOR_SECRET_KEY not in env file — using random key (dashboard inaccessible)
[16-Jun-2026 19:03:08 Africa/Addis_Ababa] WARNING: MONITOR_SECRET_KEY not in env file — using random key (dashboard inaccessible)
[16-Jun-2026 19:04:08 Africa/Addis_Ababa] WARNING: MONITOR_SECRET_KEY not in env file — using random key (dashboard inaccessible)
[16-Jun-2026 19:05:08 Africa/Addis_Ababa] WARNING: MONITOR_SECRET_KEY not in env file — using random key (dashboard inaccessible)
[16-Jun-2026 19:06:08 Africa/Addis_Ababa] WARNING: MONITOR_SECRET_KEY not in env file — using random key (dashboard inaccessible)
[16-Jun-2026 19:07:08 Africa/Addis_Ababa] WARNING: MONITOR_SECRET_KEY not in env file — using random key (dashboard inaccessible)
[16-Jun-2026 19:08:08 Africa/Addis_Ababa] WARNING: MONITOR_SECRET_KEY not in env file — using random key (dashboard inaccessible)
[16-Jun-2026 19:09:08 Africa/Addis_Ababa] WARNING: MONITOR_SECRET_KEY not in env file — using random key (dashboard inaccessible)
[16-Jun-2026 19:10:08 Africa/Addis_Ababa] WARNING: MONITOR_SECRET_KEY not in env file — using random key (dashboard inaccessible)
[16-Jun-2026 19:11:08 Africa/Addis_Ababa] WARNING: MONITOR_SECRET_KEY not in env file — using random key (dashboard inaccessible)
[16-Jun-2026 19:12:08 Africa/Addis_Ababa] WARNING: MONITOR_SECRET_KEY not in env file — using random key (dashboard inaccessible)
[16-Jun-2026 19:12:52 Africa/Addis_Ababa] WARNING: MONITOR_SECRET_KEY not in env file — using random key (dashboard inaccessible)
[16-Jun-2026 19:13:43 Africa/Addis_Ababa] WARNING: MONITOR_SECRET_KEY not in env file — using random key (dashboard inaccessible)
[16-Jun-2026 19:14:43 Africa/Addis_Ababa] WARNING: MONITOR_SECRET_KEY not in env file — using random key (dashboard inaccessible)
[16-Jun-2026 19:15:44 Africa/Addis_Ababa] WARNING: MONITOR_SECRET_KEY not in env file — using random key (dashboard inaccessible)
[16-Jun-2026 19:16:43 Africa/Addis_Ababa] WARNING: MONITOR_SECRET_KEY not in env file — using random key (dashboard inaccessible)
[16-Jun-2026 19:17:44 Africa/Addis_Ababa] WARNING: MONITOR_SECRET_KEY not in env file — using random key (dashboard inaccessible)
[16-Jun-2026 19:18:45 Africa/Addis_Ababa] WARNING: MONITOR_SECRET_KEY not in env file — using random key (dashboard inaccessible)
[16-Jun-2026 19:19:46 Africa/Addis_Ababa] WARNING: MONITOR_SECRET_KEY not in env file — using random key (dashboard inaccessible)
[16-Jun-2026 19:20:47 Africa/Addis_Ababa] WARNING: MONITOR_SECRET_KEY not in env file — using random key (dashboard inaccessible)
[16-Jun-2026 19:21:48 Africa/Addis_Ababa] WARNING: MONITOR_SECRET_KEY not in env file — using random key (dashboard inaccessible)
[16-Jun-2026 19:22:49 Africa/Addis_Ababa] WARNING: MONITOR_SECRET_KEY not in env file — using random key (dashboard inaccessible)
[16-Jun-2026 19:23:50 Africa/Addis_Ababa] WARNING: MONITOR_SECRET_KEY not in env file — using random key (dashboard inaccessible)
[16-Jun-2026 19:24:51 Africa/Addis_Ababa] WARNING: MONITOR_SECRET_KEY not in env file — using random key (dashboard inaccessible)
[16-Jun-2026 19:25:52 Africa/Addis_Ababa] WARNING: MONITOR_SECRET_KEY not in env file — using random key (dashboard inaccessible)
[16-Jun-2026 19:26:53 Africa/Addis_Ababa] WARNING: MONITOR_SECRET_KEY not in env file — using random key (dashboard inaccessible)
[16-Jun-2026 19:27:54 Africa/Addis_Ababa] WARNING: MONITOR_SECRET_KEY not in env file — using random key (dashboard inaccessible)
[16-Jun-2026 19:28:55 Africa/Addis_Ababa] WARNING: MONITOR_SECRET_KEY not in env file — using random key (dashboard inaccessible)
[16-Jun-2026 19:29:56 Africa/Addis_Ababa] WARNING: MONITOR_SECRET_KEY not in env file — using random key (dashboard inaccessible)
[16-Jun-2026 19:30:59 Africa/Addis_Ababa] WARNING: MONITOR_SECRET_KEY not in env file — using random key (dashboard inaccessible)
[16-Jun-2026 19:31:58 Africa/Addis_Ababa] WARNING: MONITOR_SECRET_KEY not in env file — using random key (dashboard inaccessible)
[16-Jun-2026 19:32:59 Africa/Addis_Ababa] WARNING: MONITOR_SECRET_KEY not in env file — using random key (dashboard inaccessible)
[16-Jun-2026 19:34:00 Africa/Addis_Ababa] WARNING: MONITOR_SECRET_KEY not in env file — using random key (dashboard inaccessible)
[16-Jun-2026 19:35:01 Africa/Addis_Ababa] WARNING: MONITOR_SECRET_KEY not in env file — using random key (dashboard inaccessible)
[16-Jun-2026 19:36:02 Africa/Addis_Ababa] WARNING: MONITOR_SECRET_KEY not in env file — using random key (dashboard inaccessible)
[16-Jun-2026 19:37:03 Africa/Addis_Ababa] WARNING: MONITOR_SECRET_KEY not in env file — using random key (dashboard inaccessible)
[16-Jun-2026 19:38:05 Africa/Addis_Ababa] WARNING: MONITOR_SECRET_KEY not in env file — using random key (dashboard inaccessible)
[16-Jun-2026 19:39:06 Africa/Addis_Ababa] WARNING: MONITOR_SECRET_KEY not in env file — using random key (dashboard inaccessible)
[16-Jun-2026 19:40:07 Africa/Addis_Ababa] WARNING: MONITOR_SECRET_KEY not in env file — using random key (dashboard inaccessible)
[16-Jun-2026 19:41:07 Africa/Addis_Ababa] WARNING: MONITOR_SECRET_KEY not in env file — using random key (dashboard inaccessible)
[16-Jun-2026 19:42:09 Africa/Addis_Ababa] WARNING: MONITOR_SECRET_KEY not in env file — using random key (dashboard inaccessible)
[16-Jun-2026 19:43:08 Africa/Addis_Ababa] WARNING: MONITOR_SECRET_KEY not in env file — using random key (dashboard inaccessible)
[16-Jun-2026 19:44:08 Africa/Addis_Ababa] WARNING: MONITOR_SECRET_KEY not in env file — using random key (dashboard inaccessible)
[16-Jun-2026 19:45:08 Africa/Addis_Ababa] WARNING: MONITOR_SECRET_KEY not in env file — using random key (dashboard inaccessible)
[16-Jun-2026 19:46:08 Africa/Addis_Ababa] WARNING: MONITOR_SECRET_KEY not in env file — using random key (dashboard inaccessible)
[16-Jun-2026 19:47:08 Africa/Addis_Ababa] WARNING: MONITOR_SECRET_KEY not in env file — using random key (dashboard inaccessible)
[16-Jun-2026 19:48:08 Africa/Addis_Ababa] WARNING: MONITOR_SECRET_KEY not in env file — using random key (dashboard inaccessible)
[16-Jun-2026 19:49:08 Africa/Addis_Ababa] WARNING: MONITOR_SECRET_KEY not in env file — using random key (dashboard inaccessible)
[16-Jun-2026 19:54:09 Africa/Addis_Ababa] WARNING: MONITOR_SECRET_KEY not in env file — using random key (dashboard inaccessible)
[16-Jun-2026 19:55:08 Africa/Addis_Ababa] WARNING: MONITOR_SECRET_KEY not in env file — using random key (dashboard inaccessible)
[16-Jun-2026 19:56:08 Africa/Addis_Ababa] WARNING: MONITOR_SECRET_KEY not in env file — using random key (dashboard inaccessible)
[16-Jun-2026 19:57:08 Africa/Addis_Ababa] WARNING: MONITOR_SECRET_KEY not in env file — using random key (dashboard inaccessible)
[16-Jun-2026 19:58:08 Africa/Addis_Ababa] WARNING: MONITOR_SECRET_KEY not in env file — using random key (dashboard inaccessible)
[16-Jun-2026 19:59:08 Africa/Addis_Ababa] WARNING: MONITOR_SECRET_KEY not in env file — using random key (dashboard inaccessible)
[16-Jun-2026 20:00:09 Africa/Addis_Ababa] WARNING: MONITOR_SECRET_KEY not in env file — using random key (dashboard inaccessible)
[16-Jun-2026 20:01:09 Africa/Addis_Ababa] WARNING: MONITOR_SECRET_KEY not in env file — using random key (dashboard inaccessible)
[16-Jun-2026 20:02:08 Africa/Addis_Ababa] WARNING: MONITOR_SECRET_KEY not in env file — using random key (dashboard inaccessible)
[16-Jun-2026 20:03:08 Africa/Addis_Ababa] WARNING: MONITOR_SECRET_KEY not in env file — using random key (dashboard inaccessible)
[16-Jun-2026 20:04:08 Africa/Addis_Ababa] WARNING: MONITOR_SECRET_KEY not in env file — using random key (dashboard inaccessible)
[16-Jun-2026 20:05:08 Africa/Addis_Ababa] WARNING: MONITOR_SECRET_KEY not in env file — using random key (dashboard inaccessible)
[16-Jun-2026 20:06:08 Africa/Addis_Ababa] WARNING: MONITOR_SECRET_KEY not in env file — using random key (dashboard inaccessible)
[16-Jun-2026 20:07:08 Africa/Addis_Ababa] WARNING: MONITOR_SECRET_KEY not in env file — using random key (dashboard inaccessible)
[16-Jun-2026 20:08:08 Africa/Addis_Ababa] WARNING: MONITOR_SECRET_KEY not in env file — using random key (dashboard inaccessible)
[16-Jun-2026 20:09:08 Africa/Addis_Ababa] WARNING: MONITOR_SECRET_KEY not in env file — using random key (dashboard inaccessible)
[16-Jun-2026 20:10:08 Africa/Addis_Ababa] WARNING: MONITOR_SECRET_KEY not in env file — using random key (dashboard inaccessible)
[16-Jun-2026 20:38:18 Africa/Addis_Ababa] WARNING: MONITOR_SECRET_KEY not in env file — using random key (dashboard inaccessible)
[16-Jun-2026 20:39:08 Africa/Addis_Ababa] WARNING: MONITOR_SECRET_KEY not in env file — using random key (dashboard inaccessible)
[16-Jun-2026 20:40:08 Africa/Addis_Ababa] WARNING: MONITOR_SECRET_KEY not in env file — using random key (dashboard inaccessible)
[16-Jun-2026 20:41:08 Africa/Addis_Ababa] WARNING: MONITOR_SECRET_KEY not in env file — using random key (dashboard inaccessible)
[16-Jun-2026 20:42:08 Africa/Addis_Ababa] WARNING: MONITOR_SECRET_KEY not in env file — using random key (dashboard inaccessible)
[16-Jun-2026 20:43:08 Africa/Addis_Ababa] WARNING: MONITOR_SECRET_KEY not in env file — using random key (dashboard inaccessible)
[16-Jun-2026 20:44:08 Africa/Addis_Ababa] WARNING: MONITOR_SECRET_KEY not in env file — using random key (dashboard inaccessible)
[16-Jun-2026 20:45:08 Africa/Addis_Ababa] WARNING: MONITOR_SECRET_KEY not in env file — using random key (dashboard inaccessible)
[16-Jun-2026 20:46:08 Africa/Addis_Ababa] WARNING: MONITOR_SECRET_KEY not in env file — using random key (dashboard inaccessible)
[16-Jun-2026 20:47:08 Africa/Addis_Ababa] WARNING: MONITOR_SECRET_KEY not in env file — using random key (dashboard inaccessible)
[16-Jun-2026 20:47:27 Africa/Addis_Ababa] WARNING: MONITOR_SECRET_KEY not in env file — using random key (dashboard inaccessible)
[16-Jun-2026 20:48:08 Africa/Addis_Ababa] WARNING: MONITOR_SECRET_KEY not in env file — using random key (dashboard inaccessible)
[16-Jun-2026 20:49:08 Africa/Addis_Ababa] WARNING: MONITOR_SECRET_KEY not in env file — using random key (dashboard inaccessible)
[16-Jun-2026 20:50:08 Africa/Addis_Ababa] WARNING: MONITOR_SECRET_KEY not in env file — using random key (dashboard inaccessible)
[16-Jun-2026 20:51:08 Africa/Addis_Ababa] WARNING: MONITOR_SECRET_KEY not in env file — using random key (dashboard inaccessible)
[16-Jun-2026 20:52:08 Africa/Addis_Ababa] WARNING: MONITOR_SECRET_KEY not in env file — using random key (dashboard inaccessible)
[16-Jun-2026 20:53:08 Africa/Addis_Ababa] WARNING: MONITOR_SECRET_KEY not in env file — using random key (dashboard inaccessible)
[16-Jun-2026 20:54:08 Africa/Addis_Ababa] WARNING: MONITOR_SECRET_KEY not in env file — using random key (dashboard inaccessible)
[16-Jun-2026 20:55:08 Africa/Addis_Ababa] WARNING: MONITOR_SECRET_KEY not in env file — using random key (dashboard inaccessible)
[16-Jun-2026 20:56:08 Africa/Addis_Ababa] WARNING: MONITOR_SECRET_KEY not in env file — using random key (dashboard inaccessible)
[16-Jun-2026 20:56:34 Africa/Addis_Ababa] WARNING: MONITOR_SECRET_KEY not in env file — using random key (dashboard inaccessible)
[16-Jun-2026 20:57:08 Africa/Addis_Ababa] WARNING: MONITOR_SECRET_KEY not in env file — using random key (dashboard inaccessible)
[16-Jun-2026 20:58:09 Africa/Addis_Ababa] WARNING: MONITOR_SECRET_KEY not in env file — using random key (dashboard inaccessible)
[16-Jun-2026 20:59:08 Africa/Addis_Ababa] WARNING: MONITOR_SECRET_KEY not in env file — using random key (dashboard inaccessible)
[16-Jun-2026 21:00:08 Africa/Addis_Ababa] WARNING: MONITOR_SECRET_KEY not in env file — using random key (dashboard inaccessible)
[16-Jun-2026 21:01:08 Africa/Addis_Ababa] WARNING: MONITOR_SECRET_KEY not in env file — using random key (dashboard inaccessible)
[16-Jun-2026 21:02:08 Africa/Addis_Ababa] WARNING: MONITOR_SECRET_KEY not in env file — using random key (dashboard inaccessible)
[16-Jun-2026 21:03:08 Africa/Addis_Ababa] WARNING: MONITOR_SECRET_KEY not in env file — using random key (dashboard inaccessible)
[16-Jun-2026 21:04:08 Africa/Addis_Ababa] WARNING: MONITOR_SECRET_KEY not in env file — using random key (dashboard inaccessible)
[16-Jun-2026 21:05:08 Africa/Addis_Ababa] WARNING: MONITOR_SECRET_KEY not in env file — using random key (dashboard inaccessible)
[16-Jun-2026 21:06:08 Africa/Addis_Ababa] WARNING: MONITOR_SECRET_KEY not in env file — using random key (dashboard inaccessible)
[16-Jun-2026 21:07:08 Africa/Addis_Ababa] WARNING: MONITOR_SECRET_KEY not in env file — using random key (dashboard inaccessible)
[16-Jun-2026 21:08:08 Africa/Addis_Ababa] WARNING: MONITOR_SECRET_KEY not in env file — using random key (dashboard inaccessible)
[16-Jun-2026 21:09:12 Africa/Addis_Ababa] WARNING: MONITOR_SECRET_KEY not in env file — using random key (dashboard inaccessible)
[16-Jun-2026 21:11:10 Africa/Addis_Ababa] WARNING: MONITOR_SECRET_KEY not in env file — using random key (dashboard inaccessible)
[16-Jun-2026 21:12:08 Africa/Addis_Ababa] WARNING: MONITOR_SECRET_KEY not in env file — using random key (dashboard inaccessible)
[16-Jun-2026 21:13:08 Africa/Addis_Ababa] WARNING: MONITOR_SECRET_KEY not in env file — using random key (dashboard inaccessible)
[16-Jun-2026 21:14:08 Africa/Addis_Ababa] WARNING: MONITOR_SECRET_KEY not in env file — using random key (dashboard inaccessible)
[16-Jun-2026 21:15:08 Africa/Addis_Ababa] WARNING: MONITOR_SECRET_KEY not in env file — using random key (dashboard inaccessible)
[16-Jun-2026 21:16:08 Africa/Addis_Ababa] WARNING: MONITOR_SECRET_KEY not in env file — using random key (dashboard inaccessible)
[16-Jun-2026 21:17:08 Africa/Addis_Ababa] WARNING: MONITOR_SECRET_KEY not in env file — using random key (dashboard inaccessible)
[16-Jun-2026 21:18:08 Africa/Addis_Ababa] WARNING: MONITOR_SECRET_KEY not in env file — using random key (dashboard inaccessible)
[16-Jun-2026 21:19:08 Africa/Addis_Ababa] WARNING: MONITOR_SECRET_KEY not in env file — using random key (dashboard inaccessible)
[16-Jun-2026 21:20:09 Africa/Addis_Ababa] WARNING: MONITOR_SECRET_KEY not in env file — using random key (dashboard inaccessible)
[16-Jun-2026 21:21:08 Africa/Addis_Ababa] WARNING: MONITOR_SECRET_KEY not in env file — using random key (dashboard inaccessible)
[16-Jun-2026 21:22:08 Africa/Addis_Ababa] WARNING: MONITOR_SECRET_KEY not in env file — using random key (dashboard inaccessible)
[16-Jun-2026 21:23:08 Africa/Addis_Ababa] WARNING: MONITOR_SECRET_KEY not in env file — using random key (dashboard inaccessible)
[16-Jun-2026 21:24:08 Africa/Addis_Ababa] WARNING: MONITOR_SECRET_KEY not in env file — using random key (dashboard inaccessible)
[16-Jun-2026 21:25:08 Africa/Addis_Ababa] WARNING: MONITOR_SECRET_KEY not in env file — using random key (dashboard inaccessible)
[16-Jun-2026 21:26:08 Africa/Addis_Ababa] WARNING: MONITOR_SECRET_KEY not in env file — using random key (dashboard inaccessible)
[16-Jun-2026 21:27:28 Africa/Addis_Ababa] WARNING: MONITOR_SECRET_KEY not in env file — using random key (dashboard inaccessible)
[16-Jun-2026 21:28:08 Africa/Addis_Ababa] WARNING: MONITOR_SECRET_KEY not in env file — using random key (dashboard inaccessible)
[16-Jun-2026 21:28:25 Africa/Addis_Ababa] WARNING: MONITOR_SECRET_KEY not in env file — using random key (dashboard inaccessible)
[16-Jun-2026 21:29:08 Africa/Addis_Ababa] WARNING: MONITOR_SECRET_KEY not in env file — using random key (dashboard inaccessible)
[16-Jun-2026 21:30:28 Africa/Addis_Ababa] WARNING: MONITOR_SECRET_KEY not in env file — using random key (dashboard inaccessible)
[16-Jun-2026 21:31:08 Africa/Addis_Ababa] WARNING: MONITOR_SECRET_KEY not in env file — using random key (dashboard inaccessible)
[16-Jun-2026 21:32:08 Africa/Addis_Ababa] WARNING: MONITOR_SECRET_KEY not in env file — using random key (dashboard inaccessible)
[16-Jun-2026 21:32:33 Africa/Addis_Ababa] WARNING: MONITOR_SECRET_KEY not in env file — using random key (dashboard inaccessible)
[16-Jun-2026 21:33:08 Africa/Addis_Ababa] WARNING: MONITOR_SECRET_KEY not in env file — using random key (dashboard inaccessible)
[16-Jun-2026 21:34:08 Africa/Addis_Ababa] WARNING: MONITOR_SECRET_KEY not in env file — using random key (dashboard inaccessible)
[16-Jun-2026 21:35:09 Africa/Addis_Ababa] WARNING: MONITOR_SECRET_KEY not in env file — using random key (dashboard inaccessible)
[16-Jun-2026 21:36:28 Africa/Addis_Ababa] WARNING: MONITOR_SECRET_KEY not in env file — using random key (dashboard inaccessible)
[16-Jun-2026 21:37:08 Africa/Addis_Ababa] WARNING: MONITOR_SECRET_KEY not in env file — using random key (dashboard inaccessible)
[16-Jun-2026 21:38:08 Africa/Addis_Ababa] WARNING: MONITOR_SECRET_KEY not in env file — using random key (dashboard inaccessible)
[16-Jun-2026 21:38:31 Africa/Addis_Ababa] WARNING: MONITOR_SECRET_KEY not in env file — using random key (dashboard inaccessible)
[16-Jun-2026 21:39:14 Africa/Addis_Ababa] WARNING: MONITOR_SECRET_KEY not in env file — using random key (dashboard inaccessible)
[16-Jun-2026 21:40:08 Africa/Addis_Ababa] WARNING: MONITOR_SECRET_KEY not in env file — using random key (dashboard inaccessible)
[16-Jun-2026 21:41:08 Africa/Addis_Ababa] WARNING: MONITOR_SECRET_KEY not in env file — using random key (dashboard inaccessible)
[16-Jun-2026 21:43:31 Africa/Addis_Ababa] WARNING: MONITOR_SECRET_KEY not in env file — using random key (dashboard inaccessible)
[16-Jun-2026 21:44:08 Africa/Addis_Ababa] WARNING: MONITOR_SECRET_KEY not in env file — using random key (dashboard inaccessible)
[16-Jun-2026 21:45:26 Africa/Addis_Ababa] WARNING: MONITOR_SECRET_KEY not in env file — using random key (dashboard inaccessible)
[16-Jun-2026 21:46:08 Africa/Addis_Ababa] WARNING: MONITOR_SECRET_KEY not in env file — using random key (dashboard inaccessible)
[16-Jun-2026 21:47:08 Africa/Addis_Ababa] WARNING: MONITOR_SECRET_KEY not in env file — using random key (dashboard inaccessible)
[16-Jun-2026 21:49:09 Africa/Addis_Ababa] WARNING: MONITOR_SECRET_KEY not in env file — using random key (dashboard inaccessible)
[16-Jun-2026 21:53:08 Africa/Addis_Ababa] WARNING: MONITOR_SECRET_KEY not in env file — using random key (dashboard inaccessible)
[16-Jun-2026 21:54:08 Africa/Addis_Ababa] WARNING: MONITOR_SECRET_KEY not in env file — using random key (dashboard inaccessible)
[16-Jun-2026 21:55:08 Africa/Addis_Ababa] WARNING: MONITOR_SECRET_KEY not in env file — using random key (dashboard inaccessible)
[16-Jun-2026 21:56:08 Africa/Addis_Ababa] WARNING: MONITOR_SECRET_KEY not in env file — using random key (dashboard inaccessible)
[16-Jun-2026 21:57:08 Africa/Addis_Ababa] WARNING: MONITOR_SECRET_KEY not in env file — using random key (dashboard inaccessible)
[16-Jun-2026 21:58:08 Africa/Addis_Ababa] WARNING: MONITOR_SECRET_KEY not in env file — using random key (dashboard inaccessible)
[16-Jun-2026 21:59:08 Africa/Addis_Ababa] WARNING: MONITOR_SECRET_KEY not in env file — using random key (dashboard inaccessible)
[16-Jun-2026 22:03:11 Africa/Addis_Ababa] WARNING: MONITOR_SECRET_KEY not in env file — using random key (dashboard inaccessible)
[17-Jun-2026 20:24:23 Africa/Addis_Ababa] WARNING: MONITOR_SECRET_KEY not in env file — using random key (dashboard inaccessible)
[17-Jun-2026 20:25:25 Africa/Addis_Ababa] WARNING: MONITOR_SECRET_KEY not in env file — using random key (dashboard inaccessible)
[17-Jun-2026 20:25:26 Africa/Addis_Ababa] WARNING: MONITOR_SECRET_KEY not in env file — using random key (dashboard inaccessible)
[17-Jun-2026 20:25:32 Africa/Addis_Ababa] WARNING: MONITOR_SECRET_KEY not in env file — using random key (dashboard inaccessible)
[17-Jun-2026 20:25:32 Africa/Addis_Ababa] WARNING: MONITOR_SECRET_KEY not in env file — using random key (dashboard inaccessible)
[17-Jun-2026 20:25:53 Africa/Addis_Ababa] WARNING: MONITOR_SECRET_KEY not in env file — using random key (dashboard inaccessible)
[17-Jun-2026 20:26:06 Africa/Addis_Ababa] WARNING: MONITOR_SECRET_KEY not in env file — using random key (dashboard inaccessible)
[17-Jun-2026 20:26:21 Africa/Addis_Ababa] WARNING: MONITOR_SECRET_KEY not in env file — using random key (dashboard inaccessible)
[17-Jun-2026 20:26:44 Africa/Addis_Ababa] WARNING: MONITOR_SECRET_KEY not in env file — using random key (dashboard inaccessible)
[17-Jun-2026 20:26:55 Africa/Addis_Ababa] WARNING: MONITOR_SECRET_KEY not in env file — using random key (dashboard inaccessible)
[17-Jun-2026 20:26:55 Africa/Addis_Ababa] WARNING: MONITOR_SECRET_KEY not in env file — using random key (dashboard inaccessible)
[17-Jun-2026 20:26:55 Africa/Addis_Ababa] WARNING: MONITOR_SECRET_KEY not in env file — using random key (dashboard inaccessible)
[17-Jun-2026 20:27:23 Africa/Addis_Ababa] WARNING: MONITOR_SECRET_KEY not in env file — using random key (dashboard inaccessible)
[17-Jun-2026 20:27:25 Africa/Addis_Ababa] WARNING: MONITOR_SECRET_KEY not in env file — using random key (dashboard inaccessible)
[17-Jun-2026 20:27:26 Africa/Addis_Ababa] WARNING: MONITOR_SECRET_KEY not in env file — using random key (dashboard inaccessible)
[17-Jun-2026 20:27:29 Africa/Addis_Ababa] WARNING: MONITOR_SECRET_KEY not in env file — using random key (dashboard inaccessible)
[17-Jun-2026 20:27:36 Africa/Addis_Ababa] WARNING: MONITOR_SECRET_KEY not in env file — using random key (dashboard inaccessible)
[17-Jun-2026 20:28:13 Africa/Addis_Ababa] WARNING: MONITOR_SECRET_KEY not in env file — using random key (dashboard inaccessible)
[17-Jun-2026 20:28:14 Africa/Addis_Ababa] WARNING: MONITOR_SECRET_KEY not in env file — using random key (dashboard inaccessible)
[17-Jun-2026 20:28:14 Africa/Addis_Ababa] WARNING: MONITOR_SECRET_KEY not in env file — using random key (dashboard inaccessible)
[17-Jun-2026 20:28:23 Africa/Addis_Ababa] WARNING: MONITOR_SECRET_KEY not in env file — using random key (dashboard inaccessible)
[17-Jun-2026 20:28:51 Africa/Addis_Ababa] WARNING: MONITOR_SECRET_KEY not in env file — using random key (dashboard inaccessible)
[17-Jun-2026 20:29:09 Africa/Addis_Ababa] WARNING: MONITOR_SECRET_KEY not in env file — using random key (dashboard inaccessible)
[17-Jun-2026 20:29:39 Africa/Addis_Ababa] WARNING: MONITOR_SECRET_KEY not in env file — using random key (dashboard inaccessible)
[17-Jun-2026 20:29:44 Africa/Addis_Ababa] WARNING: MONITOR_SECRET_KEY not in env file — using random key (dashboard inaccessible)
[17-Jun-2026 20:29:49 Africa/Addis_Ababa] WARNING: MONITOR_SECRET_KEY not in env file — using random key (dashboard inaccessible)
[17-Jun-2026 20:29:53 Africa/Addis_Ababa] WARNING: MONITOR_SECRET_KEY not in env file — using random key (dashboard inaccessible)
[17-Jun-2026 20:30:14 Africa/Addis_Ababa] WARNING: MONITOR_SECRET_KEY not in env file — using random key (dashboard inaccessible)
[17-Jun-2026 20:30:25 Africa/Addis_Ababa] WARNING: MONITOR_SECRET_KEY not in env file — using random key (dashboard inaccessible)
[17-Jun-2026 20:30:25 Africa/Addis_Ababa] WARNING: MONITOR_SECRET_KEY not in env file — using random key (dashboard inaccessible)
[17-Jun-2026 20:30:34 Africa/Addis_Ababa] WARNING: MONITOR_SECRET_KEY not in env file — using random key (dashboard inaccessible)
[17-Jun-2026 20:30:34 Africa/Addis_Ababa] WARNING: MONITOR_SECRET_KEY not in env file — using random key (dashboard inaccessible)
[17-Jun-2026 20:31:08 Africa/Addis_Ababa] WARNING: MONITOR_SECRET_KEY not in env file — using random key (dashboard inaccessible)
[17-Jun-2026 20:31:17 Africa/Addis_Ababa] WARNING: MONITOR_SECRET_KEY not in env file — using random key (dashboard inaccessible)
[17-Jun-2026 20:32:37 Africa/Addis_Ababa] WARNING: MONITOR_SECRET_KEY not in env file — using random key (dashboard inaccessible)
[17-Jun-2026 20:32:39 Africa/Addis_Ababa] WARNING: MONITOR_SECRET_KEY not in env file — using random key (dashboard inaccessible)
[17-Jun-2026 20:32:40 Africa/Addis_Ababa] WARNING: MONITOR_SECRET_KEY not in env file — using random key (dashboard inaccessible)
[17-Jun-2026 20:32:52 Africa/Addis_Ababa] WARNING: MONITOR_SECRET_KEY not in env file — using random key (dashboard inaccessible)
[17-Jun-2026 20:52:50 Africa/Addis_Ababa] WARNING: MONITOR_SECRET_KEY not in env file — using random key (dashboard inaccessible)
[17-Jun-2026 20:52:50 Africa/Addis_Ababa] WARNING: MONITOR_SECRET_KEY not in env file — using random key (dashboard inaccessible)
[17-Jun-2026 20:55:01 Africa/Addis_Ababa] WARNING: MONITOR_SECRET_KEY not in env file — using random key (dashboard inaccessible)
[17-Jun-2026 20:55:05 Africa/Addis_Ababa] WARNING: MONITOR_SECRET_KEY not in env file — using random key (dashboard inaccessible)
[17-Jun-2026 21:20:15 Africa/Addis_Ababa] WARNING: MONITOR_SECRET_KEY not in env file — using random key (dashboard inaccessible)
[17-Jun-2026 21:21:05 Africa/Addis_Ababa] WARNING: MONITOR_SECRET_KEY not in env file — using random key (dashboard inaccessible)
[17-Jun-2026 22:02:35 Africa/Addis_Ababa] WARNING: MONITOR_SECRET_KEY not in env file — using random key (dashboard inaccessible)
[17-Jun-2026 22:02:52 Africa/Addis_Ababa] WARNING: MONITOR_SECRET_KEY not in env file — using random key (dashboard inaccessible)
[17-Jun-2026 22:02:53 Africa/Addis_Ababa] WARNING: MONITOR_SECRET_KEY not in env file — using random key (dashboard inaccessible)
[17-Jun-2026 22:02:59 Africa/Addis_Ababa] WARNING: MONITOR_SECRET_KEY not in env file — using random key (dashboard inaccessible)
[17-Jun-2026 22:03:00 Africa/Addis_Ababa] WARNING: MONITOR_SECRET_KEY not in env file — using random key (dashboard inaccessible)
[17-Jun-2026 22:03:04 Africa/Addis_Ababa] WARNING: MONITOR_SECRET_KEY not in env file — using random key (dashboard inaccessible)
[17-Jun-2026 22:03:04 Africa/Addis_Ababa] WARNING: MONITOR_SECRET_KEY not in env file — using random key (dashboard inaccessible)
[17-Jun-2026 22:03:51 Africa/Addis_Ababa] WARNING: MONITOR_SECRET_KEY not in env file — using random key (dashboard inaccessible)
[17-Jun-2026 22:03:52 Africa/Addis_Ababa] WARNING: MONITOR_SECRET_KEY not in env file — using random key (dashboard inaccessible)
[18-Jun-2026 11:06:52 Africa/Addis_Ababa] WARNING: MONITOR_SECRET_KEY not in env file — using random key (dashboard inaccessible)
[18-Jun-2026 22:00:25 Africa/Addis_Ababa] WARNING: MONITOR_SECRET_KEY not in env file — using random key (dashboard inaccessible)
[18-Jun-2026 22:05:17 Africa/Addis_Ababa] WARNING: MONITOR_SECRET_KEY not in env file — using random key (dashboard inaccessible)
[18-Jun-2026 22:05:18 Africa/Addis_Ababa] WARNING: MONITOR_SECRET_KEY not in env file — using random key (dashboard inaccessible)
[18-Jun-2026 22:05:22 Africa/Addis_Ababa] WARNING: MONITOR_SECRET_KEY not in env file — using random key (dashboard inaccessible)
[18-Jun-2026 22:05:23 Africa/Addis_Ababa] WARNING: MONITOR_SECRET_KEY not in env file — using random key (dashboard inaccessible)
[18-Jun-2026 22:05:55 Africa/Addis_Ababa] WARNING: MONITOR_SECRET_KEY not in env file — using random key (dashboard inaccessible)
[18-Jun-2026 22:06:02 Africa/Addis_Ababa] WARNING: MONITOR_SECRET_KEY not in env file — using random key (dashboard inaccessible)
[18-Jun-2026 22:06:07 Africa/Addis_Ababa] WARNING: MONITOR_SECRET_KEY not in env file — using random key (dashboard inaccessible)
[18-Jun-2026 22:06:18 Africa/Addis_Ababa] WARNING: MONITOR_SECRET_KEY not in env file — using random key (dashboard inaccessible)
[18-Jun-2026 22:06:24 Africa/Addis_Ababa] WARNING: MONITOR_SECRET_KEY not in env file — using random key (dashboard inaccessible)
[18-Jun-2026 22:07:32 Africa/Addis_Ababa] WARNING: MONITOR_SECRET_KEY not in env file — using random key (dashboard inaccessible)
[18-Jun-2026 22:07:40 Africa/Addis_Ababa] WARNING: MONITOR_SECRET_KEY not in env file — using random key (dashboard inaccessible)
[18-Jun-2026 22:07:48 Africa/Addis_Ababa] WARNING: MONITOR_SECRET_KEY not in env file — using random key (dashboard inaccessible)
[18-Jun-2026 22:08:28 Africa/Addis_Ababa] WARNING: MONITOR_SECRET_KEY not in env file — using random key (dashboard inaccessible)
[18-Jun-2026 22:10:32 Africa/Addis_Ababa] WARNING: MONITOR_SECRET_KEY not in env file — using random key (dashboard inaccessible)
[18-Jun-2026 22:11:22 Africa/Addis_Ababa] WARNING: MONITOR_SECRET_KEY not in env file — using random key (dashboard inaccessible)
[18-Jun-2026 22:12:22 Africa/Addis_Ababa] WARNING: MONITOR_SECRET_KEY not in env file — using random key (dashboard inaccessible)
[18-Jun-2026 22:13:22 Africa/Addis_Ababa] WARNING: MONITOR_SECRET_KEY not in env file — using random key (dashboard inaccessible)
[18-Jun-2026 22:19:44 Africa/Addis_Ababa] WARNING: MONITOR_SECRET_KEY not in env file — using random key (dashboard inaccessible)
[18-Jun-2026 22:20:22 Africa/Addis_Ababa] WARNING: MONITOR_SECRET_KEY not in env file — using random key (dashboard inaccessible)
[18-Jun-2026 22:21:22 Africa/Addis_Ababa] WARNING: MONITOR_SECRET_KEY not in env file — using random key (dashboard inaccessible)
[19-Jun-2026 02:35:23 Africa/Addis_Ababa] WARNING: MONITOR_SECRET_KEY not in env file — using random key (dashboard inaccessible)
[19-Jun-2026 11:51:46 Africa/Addis_Ababa] WARNING: MONITOR_SECRET_KEY not in env file — using random key (dashboard inaccessible)
[19-Jun-2026 11:51:59 Africa/Addis_Ababa] WARNING: MONITOR_SECRET_KEY not in env file — using random key (dashboard inaccessible)
[19-Jun-2026 11:52:00 Africa/Addis_Ababa] WARNING: MONITOR_SECRET_KEY not in env file — using random key (dashboard inaccessible)
[19-Jun-2026 11:52:15 Africa/Addis_Ababa] WARNING: MONITOR_SECRET_KEY not in env file — using random key (dashboard inaccessible)
[19-Jun-2026 11:52:16 Africa/Addis_Ababa] WARNING: MONITOR_SECRET_KEY not in env file — using random key (dashboard inaccessible)
[19-Jun-2026 11:52:59 Africa/Addis_Ababa] WARNING: MONITOR_SECRET_KEY not in env file — using random key (dashboard inaccessible)
[19-Jun-2026 11:53:03 Africa/Addis_Ababa] WARNING: MONITOR_SECRET_KEY not in env file — using random key (dashboard inaccessible)
[19-Jun-2026 11:53:16 Africa/Addis_Ababa] WARNING: MONITOR_SECRET_KEY not in env file — using random key (dashboard inaccessible)
[19-Jun-2026 11:53:41 Africa/Addis_Ababa] WARNING: MONITOR_SECRET_KEY not in env file — using random key (dashboard inaccessible)
[19-Jun-2026 11:53:52 Africa/Addis_Ababa] WARNING: MONITOR_SECRET_KEY not in env file — using random key (dashboard inaccessible)
[19-Jun-2026 11:54:19 Africa/Addis_Ababa] WARNING: MONITOR_SECRET_KEY not in env file — using random key (dashboard inaccessible)
[19-Jun-2026 11:54:19 Africa/Addis_Ababa] WARNING: MONITOR_SECRET_KEY not in env file — using random key (dashboard inaccessible)
[19-Jun-2026 11:55:17 Africa/Addis_Ababa] WARNING: MONITOR_SECRET_KEY not in env file — using random key (dashboard inaccessible)
[19-Jun-2026 11:55:20 Africa/Addis_Ababa] WARNING: MONITOR_SECRET_KEY not in env file — using random key (dashboard inaccessible)
[19-Jun-2026 11:56:15 Africa/Addis_Ababa] WARNING: MONITOR_SECRET_KEY not in env file — using random key (dashboard inaccessible)
[19-Jun-2026 11:57:15 Africa/Addis_Ababa] WARNING: MONITOR_SECRET_KEY not in env file — using random key (dashboard inaccessible)
[19-Jun-2026 11:57:41 Africa/Addis_Ababa] WARNING: MONITOR_SECRET_KEY not in env file — using random key (dashboard inaccessible)
[19-Jun-2026 11:57:52 Africa/Addis_Ababa] WARNING: MONITOR_SECRET_KEY not in env file — using random key (dashboard inaccessible)
[19-Jun-2026 11:57:53 Africa/Addis_Ababa] WARNING: MONITOR_SECRET_KEY not in env file — using random key (dashboard inaccessible)
[19-Jun-2026 11:58:00 Africa/Addis_Ababa] WARNING: MONITOR_SECRET_KEY not in env file — using random key (dashboard inaccessible)
[19-Jun-2026 11:58:23 Africa/Addis_Ababa] WARNING: MONITOR_SECRET_KEY not in env file — using random key (dashboard inaccessible)
[19-Jun-2026 11:58:23 Africa/Addis_Ababa] WARNING: MONITOR_SECRET_KEY not in env file — using random key (dashboard inaccessible)
[19-Jun-2026 11:59:23 Africa/Addis_Ababa] WARNING: MONITOR_SECRET_KEY not in env file — using random key (dashboard inaccessible)
[19-Jun-2026 12:00:23 Africa/Addis_Ababa] WARNING: MONITOR_SECRET_KEY not in env file — using random key (dashboard inaccessible)
[19-Jun-2026 12:01:24 Africa/Addis_Ababa] WARNING: MONITOR_SECRET_KEY not in env file — using random key (dashboard inaccessible)
[19-Jun-2026 12:02:23 Africa/Addis_Ababa] WARNING: MONITOR_SECRET_KEY not in env file — using random key (dashboard inaccessible)
[19-Jun-2026 12:05:18 Africa/Addis_Ababa] WARNING: MONITOR_SECRET_KEY not in env file — using random key (dashboard inaccessible)
[19-Jun-2026 12:05:21 Africa/Addis_Ababa] WARNING: MONITOR_SECRET_KEY not in env file — using random key (dashboard inaccessible)
[21-Jun-2026 15:12:02 Africa/Addis_Ababa] WARNING: MONITOR_SECRET_KEY not in env file — using random key (dashboard inaccessible)
[21-Jun-2026 15:12:29 Africa/Addis_Ababa] WARNING: MONITOR_SECRET_KEY not in env file — using random key (dashboard inaccessible)
[21-Jun-2026 20:15:13 Africa/Addis_Ababa] WARNING: MONITOR_SECRET_KEY not in env file — using random key (dashboard inaccessible)
[22-Jun-2026 18:11:42 Africa/Addis_Ababa] WARNING: MONITOR_SECRET_KEY not in env file — using random key (dashboard inaccessible)
[23-Jun-2026 11:45:32 Africa/Addis_Ababa] WARNING: MONITOR_SECRET_KEY not in env file — using random key (dashboard inaccessible)
[23-Jun-2026 23:27:12 Africa/Addis_Ababa] WARNING: MONITOR_SECRET_KEY not in env file — using random key (dashboard inaccessible)
[24-Jun-2026 07:03:11 Africa/Addis_Ababa] WARNING: MONITOR_SECRET_KEY not in env file — using random key (dashboard inaccessible)
[24-Jun-2026 20:41:46 Africa/Addis_Ababa] WARNING: MONITOR_SECRET_KEY not in env file — using random key (dashboard inaccessible)
[24-Jun-2026 20:41:47 Africa/Addis_Ababa] WARNING: MONITOR_SECRET_KEY not in env file — using random key (dashboard inaccessible)
[24-Jun-2026 20:41:48 Africa/Addis_Ababa] WARNING: MONITOR_SECRET_KEY not in env file — using random key (dashboard inaccessible)
[24-Jun-2026 20:41:49 Africa/Addis_Ababa] WARNING: MONITOR_SECRET_KEY not in env file — using random key (dashboard inaccessible)
[24-Jun-2026 20:41:49 Africa/Addis_Ababa] WARNING: MONITOR_SECRET_KEY not in env file — using random key (dashboard inaccessible)
[24-Jun-2026 20:42:32 Africa/Addis_Ababa] WARNING: MONITOR_SECRET_KEY not in env file — using random key (dashboard inaccessible)
[25-Jun-2026 09:59:44 Africa/Addis_Ababa] WARNING: MONITOR_SECRET_KEY not in env file — using random key (dashboard inaccessible)
[26-Jun-2026 05:57:55 Africa/Addis_Ababa] WARNING: MONITOR_SECRET_KEY not in env file — using random key (dashboard inaccessible)
[27-Jun-2026 08:08:38 Africa/Addis_Ababa] WARNING: MONITOR_SECRET_KEY not in env file — using random key (dashboard inaccessible)
[27-Jun-2026 22:24:49 Africa/Addis_Ababa] WARNING: MONITOR_SECRET_KEY not in env file — using random key (dashboard inaccessible)
[28-Jun-2026 13:30:08 Africa/Addis_Ababa] WARNING: MONITOR_SECRET_KEY not in env file — using random key (dashboard inaccessible)
[28-Jun-2026 18:40:43 Africa/Addis_Ababa] WARNING: MONITOR_SECRET_KEY not in env file — using random key (dashboard inaccessible)
[29-Jun-2026 02:33:19 Africa/Addis_Ababa] WARNING: MONITOR_SECRET_KEY not in env file — using random key (dashboard inaccessible)
[29-Jun-2026 02:33:20 Africa/Addis_Ababa] WARNING: MONITOR_SECRET_KEY not in env file — using random key (dashboard inaccessible)
[29-Jun-2026 21:02:17 Africa/Addis_Ababa] WARNING: MONITOR_SECRET_KEY not in env file — using random key (dashboard inaccessible)
[29-Jun-2026 21:02:19 Africa/Addis_Ababa] WARNING: MONITOR_SECRET_KEY not in env file — using random key (dashboard inaccessible)
[30-Jun-2026 14:48:53 Africa/Addis_Ababa] WARNING: MONITOR_SECRET_KEY not in env file — using random key (dashboard inaccessible)
[30-Jun-2026 14:48:53 Africa/Addis_Ababa] WARNING: MONITOR_SECRET_KEY not in env file — using random key (dashboard inaccessible)
[01-Jul-2026 05:47:39 Africa/Addis_Ababa] WARNING: MONITOR_SECRET_KEY not in env file — using random key (dashboard inaccessible)
[01-Jul-2026 05:47:41 Africa/Addis_Ababa] WARNING: MONITOR_SECRET_KEY not in env file — using random key (dashboard inaccessible)
[03-Jul-2026 08:34:56 Africa/Addis_Ababa] WARNING: MONITOR_SECRET_KEY not in env file — using random key (dashboard inaccessible)
[03-Jul-2026 09:25:31 Africa/Addis_Ababa] WARNING: MONITOR_SECRET_KEY not in env file — using random key (dashboard inaccessible)
[04-Jul-2026 01:50:51 Africa/Addis_Ababa] WARNING: MONITOR_SECRET_KEY not in env file — using random key (dashboard inaccessible)
[04-Jul-2026 07:04:49 Africa/Addis_Ababa] WARNING: MONITOR_SECRET_KEY not in env file — using random key (dashboard inaccessible)
[04-Jul-2026 22:54:35 Africa/Addis_Ababa] WARNING: MONITOR_SECRET_KEY not in env file — using random key (dashboard inaccessible)
[04-Jul-2026 22:55:22 Africa/Addis_Ababa] WARNING: MONITOR_SECRET_KEY not in env file — using random key (dashboard inaccessible)
